<?xml version="1.0" encoding="UTF-8"?>
<!-- Generated by org.testng.reporters.JUnitReportReporter -->
<testsuite hostname="LAPTOP-RALNLQ2A" failures="0" tests="4" name="Tests.DevicesTests" time="2.946" errors="0" timestamp="2025-05-30T10:19:47 IST" skipped="2">
  <testcase classname="Tests.DevicesTests" name="TC_01_Verify_The_Devices_Section" time="2.653"/>
  <testcase classname="Tests.DevicesTests" name="TC_02_Verify_Add_Device_Details_Form" time="0.293"/>
  <testcase classname="Tests.DevicesTests" name="TC_04_Verify_Adding_A_New_Device">
    <skipped/>
  </testcase> <!-- TC_04_Verify_Adding_A_New_Device -->
  <testcase classname="Tests.DevicesTests" name="TC_03_Verify_The_Paginations">
    <skipped/>
  </testcase> <!-- TC_03_Verify_The_Paginations -->
</testsuite> <!-- Tests.DevicesTests -->
