<?xml version="1.0" encoding="UTF-8"?>
<!-- Generated by org.testng.reporters.JUnitReportReporter -->
<testsuite hostname="LAPTOP-RALNLQ2A" failures="0" tests="1" name="LoginTests.Login" time="2.317" errors="0" timestamp="2024-08-23T10:13:12 IST" skipped="0">
  <testcase classname="LoginTests.Login" name="TC_01_ValidateLoginPage" time="2.317"/>
</testsuite> <!-- LoginTests.Login -->
