<?xml version="1.0" encoding="UTF-8"?>
<!-- Generated by org.testng.reporters.JUnitReportReporter -->
<testsuite hostname="LAPTOP-RALNLQ2A" failures="0" tests="4" name="Tests.LoginTests" time="10.600" errors="0" timestamp="2025-05-30T15:22:48 IST" skipped="0">
  <testcase classname="Tests.LoginTests" name="TC_01_ValidateLoginPage" time="2.414"/>
  <testcase classname="Tests.LoginTests" name="TC_03_LoginWithOneFieldValueAndOtherAsEmpty" time="2.199"/>
  <testcase classname="Tests.LoginTests" name="TC_02_LoginWithoutAnyValuesInFields" time="2.222"/>
  <testcase classname="Tests.LoginTests" name="TC_04_SuccessfulLoginAndLogout" time="3.765"/>
</testsuite> <!-- Tests.LoginTests -->
