<?xml version="1.0" encoding="UTF-8"?>
<!-- Generated by org.testng.reporters.JUnitReportReporter -->
<testsuite hostname="LAPTOP-RALNLQ2A" failures="0" tests="1" name="Tests.Login" time="2.364" errors="0" timestamp="2024-08-23T10:17:30 IST" skipped="0">
  <testcase classname="Tests.Login" name="TC_01_ValidateLoginPage" time="2.364"/>
</testsuite> <!-- Tests.Login -->
