<?xml version="1.0" encoding="UTF-8"?>
<!-- Generated by org.testng.reporters.JUnitReportReporter -->
<testsuite hostname="LAPTOP-RALNLQ2A" failures="0" tests="4" name="Tests.LoginTests" time="8.754" errors="0" timestamp="2025-05-30T10:59:50 IST" skipped="0">
  <testcase classname="Tests.LoginTests" name="TC_02_LoginWithoutAnyValuesInFields" time="2.115"/>
  <testcase classname="Tests.LoginTests" name="TC_03_LoginWithOneFieldValueAndOtherAsEmpty" time="2.192"/>
  <testcase classname="Tests.LoginTests" name="TC_01_ValidateLoginPage" time="0.713"/>
  <testcase classname="Tests.LoginTests" name="TC_04_SuccessfulLoginAndLogout" time="3.734"/>
</testsuite> <!-- Tests.LoginTests -->
