<?xml version="1.0" encoding="UTF-8"?>
<!-- Generated by org.testng.reporters.JUnitReportReporter -->
<testsuite hostname="LAPTOP-RALNLQ2A" failures="0" tests="4" name="Tests.LoginTests" time="9.025" errors="0" timestamp="2025-05-30T12:04:32 IST" skipped="0">
  <testcase classname="Tests.LoginTests" name="TC_01_ValidateLoginPage" time="0.990"/>
  <testcase classname="Tests.LoginTests" name="TC_03_LoginWithOneFieldValueAndOtherAsEmpty" time="2.153"/>
  <testcase classname="Tests.LoginTests" name="TC_04_SuccessfulLoginAndLogout" time="3.745"/>
  <testcase classname="Tests.LoginTests" name="TC_02_LoginWithoutAnyValuesInFields" time="2.137"/>
</testsuite> <!-- Tests.LoginTests -->
