<?xml version="1.0" encoding="UTF-8"?>
<!-- Generated by org.testng.reporters.JUnitReportReporter -->
<testsuite hostname="LAPTOP-RALNLQ2A" failures="0" tests="1" name="Tests.HomeTests" time="3.049" errors="0" timestamp="2025-05-30T10:19:47 IST" skipped="0">
  <testcase classname="Tests.HomeTests" name="validateSideNavbars" time="3.049"/>
</testsuite> <!-- Tests.HomeTests -->
