<?xml version="1.0" encoding="UTF-8"?>
<!-- Generated by org.testng.reporters.JUnitReportReporter -->
<testsuite hostname="LAPTOP-RALNLQ2A" failures="0" tests="4" name="Tests.DevicesTests" time="7.180" errors="0" timestamp="2025-05-30T15:47:07 IST" skipped="2">
  <testcase classname="Tests.DevicesTests" name="TC_02_Verify_Add_Device_Details_Form" time="2.784"/>
  <testcase classname="Tests.DevicesTests" name="TC_01_Verify_The_Devices_Section" time="4.396"/>
  <testcase classname="Tests.DevicesTests" name="TC_03_Verify_The_Paginations">
    <skipped/>
  </testcase> <!-- TC_03_Verify_The_Paginations -->
  <testcase classname="Tests.DevicesTests" name="TC_04_Verify_Adding_A_New_Device">
    <skipped/>
  </testcase> <!-- TC_04_Verify_Adding_A_New_Device -->
</testsuite> <!-- Tests.DevicesTests -->
