<?xml version="1.0" encoding="UTF-8"?>
<!-- Generated by org.testng.reporters.JUnitReportReporter -->
<testsuite hostname="LAPTOP-RALNLQ2A" failures="0" tests="1" name="Tests.HomeTests" time="7.281" errors="0" timestamp="2025-05-30T15:47:07 IST" skipped="0">
  <testcase classname="Tests.HomeTests" name="TC_01_ValidateSideNavbars" time="7.281"/>
</testsuite> <!-- Tests.HomeTests -->
